producer_class	xtools.gsea.Gsea
producer_timestamp	1534185154889
param	collapse	TRUE
param	cls	Blood_vs_Breast/Blood_vs_Breast.cls
param	plot_top_x	100
param	norm	meandiv
param	save_rnd_lists	false
param	median	false
param	num	100
param	scoring_scheme	weighted
param	make_sets	true
param	mode	Max_probe
param	gmx	Blood_vs_Breast/KEGG_pathway_ss.gmt
param	gui	false
param	metric	Diff_of_Classes
param	rpt_label	KEGG_pathway
param	help	false
param	order	descending
param	out	/Users/zhangz/Documents/RoCA/template/de/run_gsea/examples/nci60/Blood_vs_Breast
param	permute	gene_set
param	rnd_type	no_balance
param	set_min	15
param	include_only_symbols	true
param	sort	real
param	rnd_seed	timestamp
param	nperm	1000
param	zip_report	false
param	set_max	500
param	res	/Users/zhangz/Documents/RoCA/template/de/run_gsea/examples/nci60/Blood_vs_Breast/Blood_vs_Breast.gct

file	Blood_vs_Breast/KEGG_pathway.Gsea.1534185154889/index.html
